14-Jun-2022 14:26:48.173 INFORMACIÓN [main] org.apache.catalina.startup.VersionLoggerListener.log Nombre de la versión del servidor: Apache Tomcat/9.0.59
14-Jun-2022 14:26:48.188 INFORMACIÓN [main] org.apache.catalina.startup.VersionLoggerListener.log Server built:                      Feb 21 2022 21:01:10 UTC
14-Jun-2022 14:26:48.189 INFORMACIÓN [main] org.apache.catalina.startup.VersionLoggerListener.log Número de versión de servidor:     9.0.59.0
14-Jun-2022 14:26:48.189 INFORMACIÓN [main] org.apache.catalina.startup.VersionLoggerListener.log OS Name:                           Linux
14-Jun-2022 14:26:48.189 INFORMACIÓN [main] org.apache.catalina.startup.VersionLoggerListener.log Versión de Systema Operativo:      4.9.0-18-amd64
14-Jun-2022 14:26:48.189 INFORMACIÓN [main] org.apache.catalina.startup.VersionLoggerListener.log Arquitectura:                      amd64
14-Jun-2022 14:26:48.190 INFORMACIÓN [main] org.apache.catalina.startup.VersionLoggerListener.log Java Home:                         /usr/lib/jvm/java-8-openjdk-amd64/jre
14-Jun-2022 14:26:48.190 INFORMACIÓN [main] org.apache.catalina.startup.VersionLoggerListener.log JVM Version:                       1.8.0_332-8u332-ga-1~deb9u1-b09
14-Jun-2022 14:26:48.190 INFORMACIÓN [main] org.apache.catalina.startup.VersionLoggerListener.log Vededor JVM:                       Oracle Corporation
14-Jun-2022 14:26:48.190 INFORMACIÓN [main] org.apache.catalina.startup.VersionLoggerListener.log CATALINA_BASE:                     /home/usuario/Escritorio/SD/DesplejarBully/recursos/tomcat/apache-tomcat-9.0.59
14-Jun-2022 14:26:48.190 INFORMACIÓN [main] org.apache.catalina.startup.VersionLoggerListener.log CATALINA_HOME:                     /home/usuario/Escritorio/SD/DesplejarBully/recursos/tomcat/apache-tomcat-9.0.59
14-Jun-2022 14:26:48.195 INFORMACIÓN [main] org.apache.catalina.startup.VersionLoggerListener.log Command line argument:             -Djava.util.logging.config.file=/home/usuario/Escritorio/SD/DesplejarBully/recursos/tomcat/apache-tomcat-9.0.59/conf/logging.properties
14-Jun-2022 14:26:48.195 INFORMACIÓN [main] org.apache.catalina.startup.VersionLoggerListener.log Command line argument:             -Djava.util.logging.manager=org.apache.juli.ClassLoaderLogManager
14-Jun-2022 14:26:48.195 INFORMACIÓN [main] org.apache.catalina.startup.VersionLoggerListener.log Command line argument:             -Djdk.tls.ephemeralDHKeySize=2048
14-Jun-2022 14:26:48.195 INFORMACIÓN [main] org.apache.catalina.startup.VersionLoggerListener.log Command line argument:             -Djava.protocol.handler.pkgs=org.apache.catalina.webresources
14-Jun-2022 14:26:48.195 INFORMACIÓN [main] org.apache.catalina.startup.VersionLoggerListener.log Command line argument:             -Dorg.apache.catalina.security.SecurityListener.UMASK=0027
14-Jun-2022 14:26:48.195 INFORMACIÓN [main] org.apache.catalina.startup.VersionLoggerListener.log Command line argument:             -Dignore.endorsed.dirs=
14-Jun-2022 14:26:48.195 INFORMACIÓN [main] org.apache.catalina.startup.VersionLoggerListener.log Command line argument:             -Dcatalina.base=/home/usuario/Escritorio/SD/DesplejarBully/recursos/tomcat/apache-tomcat-9.0.59
14-Jun-2022 14:26:48.196 INFORMACIÓN [main] org.apache.catalina.startup.VersionLoggerListener.log Command line argument:             -Dcatalina.home=/home/usuario/Escritorio/SD/DesplejarBully/recursos/tomcat/apache-tomcat-9.0.59
14-Jun-2022 14:26:48.196 INFORMACIÓN [main] org.apache.catalina.startup.VersionLoggerListener.log Command line argument:             -Djava.io.tmpdir=/home/usuario/Escritorio/SD/DesplejarBully/recursos/tomcat/apache-tomcat-9.0.59/temp
14-Jun-2022 14:26:48.206 INFORMACIÓN [main] org.apache.catalina.core.AprLifecycleListener.lifecycleEvent La biblioteca nativa de Apache Tomcat basada en ARP que permite un rendimiento óptimo en entornos de desarrollo no ha sido hallada en java.library.path: [/usr/java/packages/lib/amd64:/usr/lib/x86_64-linux-gnu/jni:/lib/x86_64-linux-gnu:/usr/lib/x86_64-linux-gnu:/usr/lib/jni:/lib:/usr/lib]
14-Jun-2022 14:26:48.976 INFORMACIÓN [main] org.apache.coyote.AbstractProtocol.init Inicializando el manejador de protocolo ["http-nio-8080"]

14-Jun-2022 14:26:49.048 INFORMACIÓN [main] org.apache.catalina.startup.Catalina.load Server initialization in [1296] milliseconds
14-Jun-2022 14:26:49.131 INFORMACIÓN [main] org.apache.catalina.core.StandardService.startInternal Arrancando servicio [Catalina]
14-Jun-2022 14:26:49.134 INFORMACIÓN [main] org.apache.catalina.core.StandardEngine.startInternal Starting Servlet engine: [Apache Tomcat/9.0.59]
14-Jun-2022 14:26:49.183 INFORMACIÓN [main] org.apache.catalina.startup.HostConfig.deployWAR Despliegue del archivo [/home/usuario/Escritorio/SD/DesplejarBully/recursos/tomcat/apache-tomcat-9.0.59/webapps/Bully.war] de la aplicación web
14-Jun-2022 14:26:50.654 INFORMACIÓN [main] org.apache.jasper.servlet.TldScanner.scanJars Al menos un JAR, que se ha explorado buscando TLDs, aún no contenía TLDs. Activar historial de depuración para este historiador para una completa lista de los JARs que fueron explorados y de los que nos se halló TLDs. Saltarse JARs no necesarios durante la exploración puede dar lugar a una mejora de tiempo significativa en el arranque y compilación de JSP .
14-Jun-2022 14:26:52.479 INFORMACIÓN [main] org.apache.catalina.startup.HostConfig.deployWAR Deployment of web application archive [/home/usuario/Escritorio/SD/DesplejarBully/recursos/tomcat/apache-tomcat-9.0.59/webapps/Bully.war] has finished in [3.295] ms
14-Jun-2022 14:26:52.480 INFORMACIÓN [main] org.apache.catalina.startup.HostConfig.deployDirectory Desplegando el directorio [/home/usuario/Escritorio/SD/DesplejarBully/recursos/tomcat/apache-tomcat-9.0.59/webapps/docs] de la aplicación web
14-Jun-2022 14:26:52.505 INFORMACIÓN [main] org.apache.catalina.startup.HostConfig.deployDirectory Deployment of web application directory [/home/usuario/Escritorio/SD/DesplejarBully/recursos/tomcat/apache-tomcat-9.0.59/webapps/docs] has finished in [25] ms
14-Jun-2022 14:26:52.511 INFORMACIÓN [main] org.apache.catalina.startup.HostConfig.deployDirectory Desplegando el directorio [/home/usuario/Escritorio/SD/DesplejarBully/recursos/tomcat/apache-tomcat-9.0.59/webapps/host-manager] de la aplicación web
14-Jun-2022 14:26:52.581 INFORMACIÓN [main] org.apache.catalina.startup.HostConfig.deployDirectory Deployment of web application directory [/home/usuario/Escritorio/SD/DesplejarBully/recursos/tomcat/apache-tomcat-9.0.59/webapps/host-manager] has finished in [66] ms
14-Jun-2022 14:26:52.582 INFORMACIÓN [main] org.apache.catalina.startup.HostConfig.deployDirectory Desplegando el directorio [/home/usuario/Escritorio/SD/DesplejarBully/recursos/tomcat/apache-tomcat-9.0.59/webapps/examples] de la aplicación web
14-Jun-2022 14:26:52.998 INFORMACIÓN [main] org.apache.catalina.startup.HostConfig.deployDirectory Deployment of web application directory [/home/usuario/Escritorio/SD/DesplejarBully/recursos/tomcat/apache-tomcat-9.0.59/webapps/examples] has finished in [416] ms
14-Jun-2022 14:26:52.999 INFORMACIÓN [main] org.apache.catalina.startup.HostConfig.deployDirectory Desplegando el directorio [/home/usuario/Escritorio/SD/DesplejarBully/recursos/tomcat/apache-tomcat-9.0.59/webapps/manager] de la aplicación web
14-Jun-2022 14:26:53.038 INFORMACIÓN [main] org.apache.catalina.startup.HostConfig.deployDirectory Deployment of web application directory [/home/usuario/Escritorio/SD/DesplejarBully/recursos/tomcat/apache-tomcat-9.0.59/webapps/manager] has finished in [38] ms
14-Jun-2022 14:26:53.038 INFORMACIÓN [main] org.apache.catalina.startup.HostConfig.deployDirectory Desplegando el directorio [/home/usuario/Escritorio/SD/DesplejarBully/recursos/tomcat/apache-tomcat-9.0.59/webapps/ROOT] de la aplicación web
14-Jun-2022 14:26:53.067 INFORMACIÓN [main] org.apache.catalina.startup.HostConfig.deployDirectory Deployment of web application directory [/home/usuario/Escritorio/SD/DesplejarBully/recursos/tomcat/apache-tomcat-9.0.59/webapps/ROOT] has finished in [23] ms
14-Jun-2022 14:26:53.075 INFORMACIÓN [main] org.apache.coyote.AbstractProtocol.start Starting ProtocolHandler ["http-nio-8080"]
14-Jun-2022 14:26:53.112 INFORMACIÓN [main] org.apache.catalina.startup.Catalina.start Server startup in [4062] milliseconds
Mi ip es: 127.0.1.1
Soy el Mayor- Envio6sms-Coor 
++++[Envio]++++ 6.- Coord a 1
+[Envio]+ 2.-OK a 1
+[Envio]+ 5.-OK a 4
*[Recibo]* 4.-Recibe OK - 5
+[Envio]+ 6.-OK a 5
****[Recibido]**** 1.- SMS-Coord
+[Envio]+ 3.-OK a 2
*[Recibo]* 2.-Recibe OK - 3
*[Recibo]* 5.-Recibe OK - 6
+[Envio]+ 4.-OK a 3
*[Recibo]* 1.-Recibe OK - 2
*[Recibo]* 3.-Recibe OK - 4
++++[Envio]++++ 6.- Coord a 2
###[Espero]### 5.-OK de un proceso mayor
##[Espero]##5.-Espero sms-Coor del Coordinador
+[Envio]+ 5.-OK a 3
+[Envio]+ 3.-OK a 1
LR:[1]  LS:[5, 4]
+[Envio]+ 6.-OK a 4
+[Envio]+ 4.-OK a 2
*[Recibo]* 2.-Recibe OK - 4
****[Recibido]**** 2.- SMS-Coord
++++[Envio]++++ 6.- Coord a 3
*[Recibo]* 3.-Recibe OK - 5
LR:[1, 2]  LS:[5, 4, 3]
+[Envio]+ 6.-OK a 3
*[Recibo]* 3.-Recibe OK - 6
****[Recibido]**** 3.- SMS-Coord
++++[Envio]++++ 6.- Coord a 4
****[Recibido]**** 4.- SMS-Coord
++++[Envio]++++ 6.- Coord a 5
*[Recibo]* 4.-Recibe OK - 6
+[Envio]+ 5.-OK a 2
###[Espero]### 4.-OK de un proceso mayor
##[Espero]##4.-Espero sms-Coor del Coordinador
-------[INFO]------- 4.-Recibido Coordinador --- 6
*[Recibo]* 1.-Recibe OK - 3
+[Envio]+ 4.-OK a 1
*[Recibo]* 2.-Recibe OK - 5
LR:[1, 2, 3, 4]  LS:[5, 4, 3, 2]
+[Envio]+ 6.-OK a 2
*[Recibo]* 2.-Recibe OK - 6
###[Espero]### 3.-OK de un proceso mayor
##[Espero]##3.-Espero sms-Coor del Coordinador
-------[INFO]------- 3.-Recibido Coordinador --- 6
*[Recibo]* 1.-Recibe OK - 4
###[Espero]### 2.-OK de un proceso mayor
##[Espero]##2.-Espero sms-Coor del Coordinador
-------[INFO]------- 2.-Recibido Coordinador --- 6
****[Recibido]**** 5.- SMS-Coord
-------[INFO]------- 5.-Recibido Coordinador --- 6
listaSend[5, 3] listR:[1, 3, 5]
Lista:[1]listSend[]
+[Envio]+ 5.-OK a 1
*[Recibo]* 1.-Recibe OK - 5
LR:[1]  LS:[1]
+[Envio]+ 6.-OK a 1
*[Recibo]* 1.-Recibe OK - 6
###[Espero]### 1.-OK de un proceso mayor
##[Espero]##1.-Espero sms-Coor del Coordinador
-------[INFO]------- 1.-Recibido Coordinador --- 6
